Arguments: 
  /usr/local/bin/node /usr/local/bin/yarn add --dev babel-preset-env

PATH: 
  /usr/local/bin:/usr/bin:/bin:/usr/local/games:/usr/games:/sbin:/usr/sbin

Yarn version: 
  1.7.0

Node version: 
  8.11.3

Platform: 
  linux x64

Trace: 
  Error: https://registry.yarnpkg.com/jest: tunneling socket could not be established, cause=Parse Error
      at ClientRequest.onError (/usr/local/lib/node_modules/yarn/lib/cli.js:147299:17)
      at Object.onceWrapper (events.js:315:30)
      at emitOne (events.js:116:13)
      at ClientRequest.emit (events.js:211:7)
      at Socket.socketOnData (_http_client.js:445:9)
      at emitOne (events.js:116:13)
      at Socket.emit (events.js:211:7)
      at addChunk (_stream_readable.js:263:12)
      at readableAddChunk (_stream_readable.js:250:11)
      at Socket.Readable.push (_stream_readable.js:208:10)

npm manifest: 
  {
    "name": "leetcode",
    "version": "1.0.0",
    "description": "",
    "main": "index.js",
    "scripts": {
      "test": "jest"
    },
    "repository": {
      "type": "git",
      "url": "git+https://github.com/whyang115/leetcode.git"
    },
    "author": "",
    "license": "ISC",
    "bugs": {
      "url": "https://github.com/whyang115/leetcode/issues"
    },
    "homepage": "https://github.com/whyang115/leetcode#readme",
    "devDependencies": {
      "jest": "^23.2.0"
    }
  }

yarn manifest: 
  No manifest

Lockfile: 
  No lockfile
